[LOG] System::create                           : Header version = 2.01.09. Current version = 2.01.09.
[LOG] Manager::init                            : maxchannels = 256 studioflags = 00000006 flags 00000000 extradriverdata 0x0.
[LOG] SystemI::init                            : Initialize version=20109 (115889), maxchannels=256, flags=0x00020000
[LOG] SystemI::setOutputInternal               : Setting output to 'FMOD Core Audio Output'
[LOG] OutputCoreAudio::init                    : Output running 2 channels at 48000Hz sample rate.
[LOG] OutputCoreAudio::init                    : Maximum hardware read size: 512 samples, Software buffer size: 512 samples, Number of software buffers: 4.
[LOG] Thread::initThread                       : Init FMOD stream thread. Affinity: 0x8000000000000003, Priority: 0xFFFF7FFB, Stack Size: 98304, Semaphore: No, Sleep Time: 10, Looping: Yes.
[LOG] Thread::initThread                       : Init FMOD mixer thread. Affinity: 0x8000000000000001, Priority: 0xFFFF7FFA, Stack Size: 81920, Semaphore: Yes, Sleep Time: 0, Looping: Yes.
[LOG] AsyncManager::init                       : manager 0x7fd839be4408 isAsync 0 updatePeriod 0.02
[LOG] AsyncManager::init                       : done
[LOG] PlaybackSystem::init                     : 
[LOG] Thread::initThread                       : Init FMOD Studio sample load thread. Affinity: 0x8000000000000003, Priority: 0xFFFF7FFD, Stack Size: 98304, Semaphore: No, Sleep Time: 1, Looping: No.
[LOG] PlaybackSystem::init                     : done
[LOG] Thread::initThread                       : Init FMOD Studio bank load thread. Affinity: 0x8000000000000003, Priority: 0xFFFF7FFD, Stack Size: 98304, Semaphore: No, Sleep Time: 1, Looping: No.
[LOG] Manager::init                            : done.
[LOG] Manager::readBank                        : fileversion = 135, compatVersion = 132 (oldest = 44, newest = 135)
[LOG] Manager::readBank                        : fileversion = 135, compatVersion = 132 (oldest = 44, newest = 135)
[LOG] Manager::receiveLiveUpdateBank           : Received live update bank path: fmod:///remote//Users/eclaverie/Library/Application Support/FMOD Studio/UnsavedProjects/Hotswap-KIkRub/hotswap_4.bank
[LOG] ProfileRemoteFile::fileOpen              : Attemping to open remote file '/Users/eclaverie/Library/Application Support/FMOD Studio/UnsavedProjects/Hotswap-KIkRub/hotswap_4.bank'
[LOG] Manager::readBank                        : fileversion = 135, compatVersion = 132 (oldest = 44, newest = 135)
[LOG] SystemI::createSoundInternal             : Create name='fmod:///remote//Volumes/SSD2/Gaming/Game Jams/GMTK/GMTKFmod/Assets/Crowds, Walla, Exterior, Street Event, Young People Chatting Outside Theatre 01 SND37158 1.wav', mode=0x0200C202
[LOG] SystemI::createSoundInternal             : exinfo->cbsize             = 224
[LOG] SystemI::createSoundInternal             : exinfo->initialseekpostype = 1
[LOG] ProfileRemoteFile::fileOpen              : Attemping to open remote file '/Volumes/SSD2/Gaming/Game Jams/GMTK/GMTKFmod/Assets/Crowds, Walla, Exterior, Street Event, Young People Chatting Outside Theatre 01 SND37158 1.wav'
[LOG] SystemI::createSoundInternal             : Sample 0/0: name='(null)', format=3, channels=2, frequency=96000, lengthbytes=31259724, lengthpcm=5209954, pcmblocksize=0, loopstart=0, loopend=0, mode=0x00000000, channelmask=0x00000000, channelorder=0, peakvolume=0.000000.
[WRN] SoundSourceInstrumentInstance::startChannelIfReady : Loading delay exceeded, sound may play at incorrect time
[LOG] SoundI::release                          : Crowds, Walla, Exterior, Street Event, Young People Chatting Outside Theatre 01 SND37158 1 (0x7fd85006d278)
[LOG] SoundI::release                          :     Crowds, Walla, Exterior, Street Event, Young People Chatting Outside Theatre 01 SND37158 1 (0x7fd851f88368)
[LOG] SoundI::release                          :     Crowds, Walla, Exterior, Street Event, Young People Chatting Outside Theatre 01 SND37158 1 (0x7fd851f884f8)
[LOG] SystemI::createSoundInternal             : Create name='fmod:///remote//Volumes/SSD2/Gaming/Game Jams/GMTK/GMTKFmod/Assets/GMTK 2021 Reaper.RPP.link/card_grab-01.wav', mode=0x0200C202
[LOG] SystemI::createSoundInternal             : exinfo->cbsize             = 224
[LOG] SystemI::createSoundInternal             : exinfo->initialseekpostype = 1
[LOG] ProfileRemoteFile::fileOpen              : Attemping to open remote file '/Volumes/SSD2/Gaming/Game Jams/GMTK/GMTKFmod/Assets/GMTK 2021 Reaper.RPP.link/card_grab-01.wav'
[LOG] SystemI::createSoundInternal             : Sample 0/0: name='(null)', format=3, channels=1, frequency=48000, lengthbytes=62043, lengthpcm=20681, pcmblocksize=0, loopstart=0, loopend=0, mode=0x00000000, channelmask=0x00000000, channelorder=0, peakvolume=0.000000.
[LOG] SystemI::createSoundInternal             : Create name='fmod:///remote//Volumes/SSD2/Gaming/Game Jams/GMTK/GMTKFmod/Assets/GMTK 2021 Reaper.RPP.link/card_grab-02.wav', mode=0x0200C202
[LOG] SystemI::createSoundInternal             : exinfo->cbsize             = 224
[LOG] SystemI::createSoundInternal             : exinfo->initialseekpostype = 1
[LOG] ProfileRemoteFile::fileOpen              : Attemping to open remote file '/Volumes/SSD2/Gaming/Game Jams/GMTK/GMTKFmod/Assets/GMTK 2021 Reaper.RPP.link/card_grab-02.wav'
[LOG] SystemI::createSoundInternal             : Sample 0/0: name='(null)', format=3, channels=1, frequency=48000, lengthbytes=61473, lengthpcm=20491, pcmblocksize=0, loopstart=0, loopend=0, mode=0x00000000, channelmask=0x00000000, channelorder=0, peakvolume=0.000000.
[LOG] SystemI::createSoundInternal             : Create name='fmod:///remote//Volumes/SSD2/Gaming/Game Jams/GMTK/GMTKFmod/Assets/GMTK 2021 Reaper.RPP.link/card_grab-03.wav', mode=0x0200C202
[LOG] SystemI::createSoundInternal             : exinfo->cbsize             = 224
[LOG] SystemI::createSoundInternal             : exinfo->initialseekpostype = 1
[LOG] ProfileRemoteFile::fileOpen              : Attemping to open remote file '/Volumes/SSD2/Gaming/Game Jams/GMTK/GMTKFmod/Assets/GMTK 2021 Reaper.RPP.link/card_grab-03.wav'
[LOG] SystemI::createSoundInternal             : Sample 0/0: name='(null)', format=3, channels=1, frequency=48000, lengthbytes=61467, lengthpcm=20489, pcmblocksize=0, loopstart=0, loopend=0, mode=0x00000000, channelmask=0x00000000, channelorder=0, peakvolume=0.000000.
[LOG] SystemI::createSoundInternal             : Create name='fmod:///remote//Volumes/SSD2/Gaming/Game Jams/GMTK/GMTKFmod/Assets/GMTK 2021 Reaper.RPP.link/card_grab-04.wav', mode=0x0200C202
[LOG] SystemI::createSoundInternal             : exinfo->cbsize             = 224
[LOG] SystemI::createSoundInternal             : exinfo->initialseekpostype = 1
[LOG] ProfileRemoteFile::fileOpen              : Attemping to open remote file '/Volumes/SSD2/Gaming/Game Jams/GMTK/GMTKFmod/Assets/GMTK 2021 Reaper.RPP.link/card_grab-04.wav'
[LOG] SystemI::createSoundInternal             : Sample 0/0: name='(null)', format=3, channels=1, frequency=48000, lengthbytes=72000, lengthpcm=24000, pcmblocksize=0, loopstart=0, loopend=0, mode=0x00000000, channelmask=0x00000000, channelorder=0, peakvolume=0.000000.
[LOG] SystemI::createSoundInternal             : Create name='', mode=0x02000202
[LOG] SystemI::createSoundInternal             : exinfo->cbsize             = 224
[LOG] SystemI::createSoundInternal             : exinfo->length             = 1574752
[LOG] SystemI::createSoundInternal             : exinfo->fileoffset         = 8736
[LOG] SystemI::createSoundInternal             : exinfo->numsubsounds       = 1
[LOG] SystemI::createSoundInternal             : exinfo->inclusionlist      = 0x70000d994954
[LOG] SystemI::createSoundInternal             : exinfo->inclusionlistnum   = 1
[LOG] SystemI::createSoundInternal             : exinfo->suggestedsoundtype = 5
[LOG] SystemI::createSoundInternal             : exinfo->useropen           = 0x1581da782
[LOG] SystemI::createSoundInternal             : exinfo->userclose          = 0x1581da839
[LOG] SystemI::createSoundInternal             : exinfo->userread           = 0x1581da866
[LOG] SystemI::createSoundInternal             : exinfo->userseek           = 0x1581da90a
[LOG] SystemI::createSoundInternal             : exinfo->fileuserdata       = 0x7fd844c4f428
[LOG] SystemI::createSoundInternal             : exinfo->initialseekpostype = 1
[LOG] SystemI::DSPCodecPoolRegister            : register codec pool for pool type 5
[LOG] SystemI::createSoundInternal             : Sample 0/1: name='card_deal-04', format=5, channels=1, frequency=48000, lengthbytes=4864, lengthpcm=24048, pcmblocksize=0, loopstart=0, loopend=0, mode=0x00000000, channelmask=0x00000000, channelorder=0, peakvolume=0.707946.
[LOG] SystemI::createSoundInternal             : Create name='', mode=0x02000202
[LOG] SystemI::createSoundInternal             : exinfo->cbsize             = 224
[LOG] SystemI::createSoundInternal             : exinfo->length             = 1574752
[LOG] SystemI::createSoundInternal             : exinfo->fileoffset         = 8736
[LOG] SystemI::createSoundInternal             : exinfo->numsubsounds       = 1
[LOG] SystemI::createSoundInternal             : exinfo->inclusionlist      = 0x70000d994954
[LOG] SystemI::createSoundInternal             : exinfo->inclusionlistnum   = 1
[LOG] SystemI::createSoundInternal             : exinfo->suggestedsoundtype = 5
[LOG] SystemI::createSoundInternal             : exinfo->useropen           = 0x1581da782
[LOG] SystemI::createSoundInternal             : exinfo->userclose          = 0x1581da839
[LOG] SystemI::createSoundInternal             : exinfo->userread           = 0x1581da866
[LOG] SystemI::createSoundInternal             : exinfo->userseek           = 0x1581da90a
[LOG] SystemI::createSoundInternal             : exinfo->fileuserdata       = 0x7fd844c4f428
[LOG] SystemI::createSoundInternal             : exinfo->initialseekpostype = 1
[LOG] SystemI::DSPCodecPoolRegister            : register codec pool for pool type 5
[LOG] SystemI::createSoundInternal             : Sample 0/1: name='card_deal-01', format=5, channels=1, frequency=48000, lengthbytes=4896, lengthpcm=24000, pcmblocksize=0, loopstart=0, loopend=0, mode=0x00000000, channelmask=0x00000000, channelorder=0, peakvolume=0.707946.
[LOG] SystemI::createSoundInternal             : Create name='', mode=0x02000202
[LOG] SystemI::createSoundInternal             : exinfo->cbsize             = 224
[LOG] SystemI::createSoundInternal             : exinfo->length             = 1574752
[LOG] SystemI::createSoundInternal             : exinfo->fileoffset         = 8736
[LOG] SystemI::createSoundInternal             : exinfo->numsubsounds       = 1
[LOG] SystemI::createSoundInternal             : exinfo->inclusionlist      = 0x70000d994954
[LOG] SystemI::createSoundInternal             : exinfo->inclusionlistnum   = 1
[LOG] SystemI::createSoundInternal             : exinfo->suggestedsoundtype = 5
[LOG] SystemI::createSoundInternal             : exinfo->useropen           = 0x1581da782
[LOG] SystemI::createSoundInternal             : exinfo->userclose          = 0x1581da839
[LOG] SystemI::createSoundInternal             : exinfo->userread           = 0x1581da866
[LOG] SystemI::createSoundInternal             : exinfo->userseek           = 0x1581da90a
[LOG] SystemI::createSoundInternal             : exinfo->fileuserdata       = 0x7fd844c4f428
[LOG] SystemI::createSoundInternal             : exinfo->initialseekpostype = 1
[LOG] SystemI::DSPCodecPoolRegister            : register codec pool for pool type 5
[LOG] SystemI::createSoundInternal             : Sample 0/1: name='card_deal-06', format=5, channels=1, frequency=48000, lengthbytes=5120, lengthpcm=24000, pcmblocksize=0, loopstart=0, loopend=0, mode=0x00000000, channelmask=0x00000000, channelorder=0, peakvolume=0.700261.
[LOG] SystemI::createSoundInternal             : Create name='', mode=0x02000202
[LOG] SystemI::createSoundInternal             : exinfo->cbsize             = 224
[LOG] SystemI::createSoundInternal             : exinfo->length             = 1574752
[LOG] SystemI::createSoundInternal             : exinfo->fileoffset         = 8736
[LOG] SystemI::createSoundInternal             : exinfo->numsubsounds       = 1
[LOG] SystemI::createSoundInternal             : exinfo->inclusionlist      = 0x70000d994954
[LOG] SystemI::createSoundInternal             : exinfo->inclusionlistnum   = 1
[LOG] SystemI::createSoundInternal             : exinfo->suggestedsoundtype = 5
[LOG] SystemI::createSoundInternal             : exinfo->useropen           = 0x1581da782
[LOG] SystemI::createSoundInternal             : exinfo->userclose          = 0x1581da839
[LOG] SystemI::createSoundInternal             : exinfo->userread           = 0x1581da866
[LOG] SystemI::createSoundInternal             : exinfo->userseek           = 0x1581da90a
[LOG] SystemI::createSoundInternal             : exinfo->fileuserdata       = 0x7fd844c4f428
[LOG] SystemI::createSoundInternal             : exinfo->initialseekpostype = 1
[LOG] SystemI::DSPCodecPoolRegister            : register codec pool for pool type 5
[LOG] SystemI::createSoundInternal             : Sample 0/1: name='card_deal-05', format=5, channels=1, frequency=48000, lengthbytes=4704, lengthpcm=24000, pcmblocksize=0, loopstart=0, loopend=0, mode=0x00000000, channelmask=0x00000000, channelorder=0, peakvolume=0.707946.
[LOG] SystemI::createSoundInternal             : Create name='', mode=0x02000202
[LOG] SystemI::createSoundInternal             : exinfo->cbsize             = 224
[LOG] SystemI::createSoundInternal             : exinfo->length             = 1574752
[LOG] SystemI::createSoundInternal             : exinfo->fileoffset         = 8736
[LOG] SystemI::createSoundInternal             : exinfo->numsubsounds       = 1
[LOG] SystemI::createSoundInternal             : exinfo->inclusionlist      = 0x70000d994954
[LOG] SystemI::createSoundInternal             : exinfo->inclusionlistnum   = 1
[LOG] SystemI::createSoundInternal             : exinfo->suggestedsoundtype = 5
[LOG] SystemI::createSoundInternal             : exinfo->useropen           = 0x1581da782
[LOG] SystemI::createSoundInternal             : exinfo->userclose          = 0x1581da839
[LOG] SystemI::createSoundInternal             : exinfo->userread           = 0x1581da866
[LOG] SystemI::createSoundInternal             : exinfo->userseek           = 0x1581da90a
[LOG] SystemI::createSoundInternal             : exinfo->fileuserdata       = 0x7fd844c4f428
[LOG] SystemI::createSoundInternal             : exinfo->initialseekpostype = 1
[LOG] SystemI::DSPCodecPoolRegister            : register codec pool for pool type 5
[LOG] SystemI::createSoundInternal             : Sample 0/1: name='card_deal-03', format=5, channels=1, frequency=48000, lengthbytes=4928, lengthpcm=24000, pcmblocksize=0, loopstart=0, loopend=0, mode=0x00000000, channelmask=0x00000000, channelorder=0, peakvolume=0.707946.
[LOG] SystemI::createSoundInternal             : Create name='', mode=0x02000202
[LOG] SystemI::createSoundInternal             : exinfo->cbsize             = 224
[LOG] SystemI::createSoundInternal             : exinfo->length             = 1574752
[LOG] SystemI::createSoundInternal             : exinfo->fileoffset         = 8736
[LOG] SystemI::createSoundInternal             : exinfo->numsubsounds       = 1
[LOG] SystemI::createSoundInternal             : exinfo->inclusionlist      = 0x70000d994954
[LOG] SystemI::createSoundInternal             : exinfo->inclusionlistnum   = 1
[LOG] SystemI::createSoundInternal             : exinfo->suggestedsoundtype = 5
[LOG] SystemI::createSoundInternal             : exinfo->useropen           = 0x1581da782
[LOG] SystemI::createSoundInternal             : exinfo->userclose          = 0x1581da839
[LOG] SystemI::createSoundInternal             : exinfo->userread           = 0x1581da866
[LOG] SystemI::createSoundInternal             : exinfo->userseek           = 0x1581da90a
[LOG] SystemI::createSoundInternal             : exinfo->fileuserdata       = 0x7fd844c4f428
[LOG] SystemI::createSoundInternal             : exinfo->initialseekpostype = 1
[LOG] SystemI::DSPCodecPoolRegister            : register codec pool for pool type 5
[LOG] SystemI::createSoundInternal             : Sample 0/1: name='card_deal-02', format=5, channels=1, frequency=48000, lengthbytes=4768, lengthpcm=24000, pcmblocksize=0, loopstart=0, loopend=0, mode=0x00000000, channelmask=0x00000000, channelorder=0, peakvolume=0.707946.
[LOG] SoundI::release                          : card_grab-01.wav (0x7fd8361312e8)
[LOG] SystemI::createSoundInternal             : Create name='fmod:///remote//Volumes/SSD2/Gaming/Game Jams/GMTK/GMTKFmod/Assets/GMTK 2021 Reaper.RPP.link/card_grab-01.wav', mode=0x0200C202
[LOG] SystemI::createSoundInternal             : exinfo->cbsize             = 224
[LOG] SystemI::createSoundInternal             : exinfo->initialseekpostype = 1
[LOG] ProfileRemoteFile::fileOpen              : Attemping to open remote file '/Volumes/SSD2/Gaming/Game Jams/GMTK/GMTKFmod/Assets/GMTK 2021 Reaper.RPP.link/card_grab-01.wav'
[LOG] SystemI::createSoundInternal             : Sample 0/0: name='(null)', format=3, channels=1, frequency=48000, lengthbytes=62043, lengthpcm=20681, pcmblocksize=0, loopstart=0, loopend=0, mode=0x00000000, channelmask=0x00000000, channelorder=0, peakvolume=0.000000.
[LOG] SoundI::release                          :  (0x7fd851dde218)
[LOG] SoundI::release                          :     card_deal-01 (0x7fd851dc3f08)
[LOG] SoundI::release                          :  (0x7fd8368be7d8)
[LOG] SoundI::release                          :     card_deal-02 (0x7fd851d28e18)
[LOG] SoundI::release                          :  (0x7fd8368c22e8)
[LOG] SoundI::release                          :     card_deal-03 (0x7fd851d1a338)
[LOG] SoundI::release                          :  (0x7fd851deb368)
[LOG] SoundI::release                          :     card_deal-04 (0x7fd851dd7c18)
[LOG] SoundI::release                          :  (0x7fd851db2038)
[LOG] SoundI::release                          :     card_deal-05 (0x7fd851df7b18)
[LOG] SystemI::createSoundInternal             : Create name='', mode=0x02000202
[LOG] SystemI::createSoundInternal             : exinfo->cbsize             = 224
[LOG] SystemI::createSoundInternal             : exinfo->length             = 1574752
[LOG] SystemI::createSoundInternal             : exinfo->fileoffset         = 8736
[LOG] SystemI::createSoundInternal             : exinfo->numsubsounds       = 1
[LOG] SystemI::createSoundInternal             : exinfo->inclusionlist      = 0x70000d994954
[LOG] SystemI::createSoundInternal             : exinfo->inclusionlistnum   = 1
[LOG] SystemI::createSoundInternal             : exinfo->suggestedsoundtype = 5
[LOG] SystemI::createSoundInternal             : exinfo->useropen           = 0x1581da782
[LOG] SystemI::createSoundInternal             : exinfo->userclose          = 0x1581da839
[LOG] SystemI::createSoundInternal             : exinfo->userread           = 0x1581da866
[LOG] SystemI::createSoundInternal             : exinfo->userseek           = 0x1581da90a
[LOG] SystemI::createSoundInternal             : exinfo->fileuserdata       = 0x7fd8357c25a8
[LOG] SystemI::createSoundInternal             : exinfo->initialseekpostype = 1
[LOG] SystemI::DSPCodecPoolRegister            : register codec pool for pool type 5
[LOG] SystemI::createSoundInternal             : Sample 0/1: name='card_deal-04', format=5, channels=1, frequency=48000, lengthbytes=4864, lengthpcm=24048, pcmblocksize=0, loopstart=0, loopend=0, mode=0x00000000, channelmask=0x00000000, channelorder=0, peakvolume=0.707946.
[LOG] SystemI::createSoundInternal             : Create name='', mode=0x02000202
[LOG] SystemI::createSoundInternal             : exinfo->cbsize             = 224
[LOG] SystemI::createSoundInternal             : exinfo->length             = 1574752
[LOG] SystemI::createSoundInternal             : exinfo->fileoffset         = 8736
[LOG] SystemI::createSoundInternal             : exinfo->numsubsounds       = 1
[LOG] SystemI::createSoundInternal             : exinfo->inclusionlist      = 0x70000d994954
[LOG] SystemI::createSoundInternal             : exinfo->inclusionlistnum   = 1
[LOG] SystemI::createSoundInternal             : exinfo->suggestedsoundtype = 5
[LOG] SystemI::createSoundInternal             : exinfo->useropen           = 0x1581da782
[LOG] SystemI::createSoundInternal             : exinfo->userclose          = 0x1581da839
[LOG] SystemI::createSoundInternal             : exinfo->userread           = 0x1581da866
[LOG] SystemI::createSoundInternal             : exinfo->userseek           = 0x1581da90a
[LOG] SystemI::createSoundInternal             : exinfo->fileuserdata       = 0x7fd8357c25a8
[LOG] SystemI::createSoundInternal             : exinfo->initialseekpostype = 1
[LOG] SystemI::DSPCodecPoolRegister            : register codec pool for pool type 5
[LOG] SystemI::createSoundInternal             : Sample 0/1: name='card_deal-01', format=5, channels=1, frequency=48000, lengthbytes=4896, lengthpcm=24000, pcmblocksize=0, loopstart=0, loopend=0, mode=0x00000000, channelmask=0x00000000, channelorder=0, peakvolume=0.707946.
[LOG] SystemI::createSoundInternal             : Create name='', mode=0x02000202
[LOG] SystemI::createSoundInternal             : exinfo->cbsize             = 224
[LOG] SystemI::createSoundInternal             : exinfo->length             = 1574752
[LOG] SystemI::createSoundInternal             : exinfo->fileoffset         = 8736
[LOG] SystemI::createSoundInternal             : exinfo->numsubsounds       = 1
[LOG] SystemI::createSoundInternal             : exinfo->inclusionlist      = 0x70000d994954
[LOG] SystemI::createSoundInternal             : exinfo->inclusionlistnum   = 1
[LOG] SystemI::createSoundInternal             : exinfo->suggestedsoundtype = 5
[LOG] SystemI::createSoundInternal             : exinfo->useropen           = 0x1581da782
[LOG] SystemI::createSoundInternal             : exinfo->userclose          = 0x1581da839
[LOG] SystemI::createSoundInternal             : exinfo->userread           = 0x1581da866
[LOG] SystemI::createSoundInternal             : exinfo->userseek           = 0x1581da90a
[LOG] SystemI::createSoundInternal             : exinfo->fileuserdata       = 0x7fd8357c25a8
[LOG] SystemI::createSoundInternal             : exinfo->initialseekpostype = 1
[LOG] SystemI::DSPCodecPoolRegister            : register codec pool for pool type 5
[LOG] SystemI::createSoundInternal             : Sample 0/1: name='card_deal-05', format=5, channels=1, frequency=48000, lengthbytes=4704, lengthpcm=24000, pcmblocksize=0, loopstart=0, loopend=0, mode=0x00000000, channelmask=0x00000000, channelorder=0, peakvolume=0.707946.
[LOG] SystemI::createSoundInternal             : Create name='', mode=0x02000202
[LOG] SystemI::createSoundInternal             : exinfo->cbsize             = 224
[LOG] SystemI::createSoundInternal             : exinfo->length             = 1574752
[LOG] SystemI::createSoundInternal             : exinfo->fileoffset         = 8736
[LOG] SystemI::createSoundInternal             : exinfo->numsubsounds       = 1
[LOG] SystemI::createSoundInternal             : exinfo->inclusionlist      = 0x70000d994954
[LOG] SystemI::createSoundInternal             : exinfo->inclusionlistnum   = 1
[LOG] SystemI::createSoundInternal             : exinfo->suggestedsoundtype = 5
[LOG] SystemI::createSoundInternal             : exinfo->useropen           = 0x1581da782
[LOG] SystemI::createSoundInternal             : exinfo->userclose          = 0x1581da839
[LOG] SystemI::createSoundInternal             : exinfo->userread           = 0x1581da866
[LOG] SystemI::createSoundInternal             : exinfo->userseek           = 0x1581da90a
[LOG] SystemI::createSoundInternal             : exinfo->fileuserdata       = 0x7fd8357c25a8
[LOG] SystemI::createSoundInternal             : exinfo->initialseekpostype = 1
[LOG] SystemI::DSPCodecPoolRegister            : register codec pool for pool type 5
[LOG] SystemI::createSoundInternal             : Sample 0/1: name='card_deal-03', format=5, channels=1, frequency=48000, lengthbytes=4928, lengthpcm=24000, pcmblocksize=0, loopstart=0, loopend=0, mode=0x00000000, channelmask=0x00000000, channelorder=0, peakvolume=0.707946.
[LOG] SystemI::createSoundInternal             : Create name='', mode=0x02000202
[LOG] SystemI::createSoundInternal             : exinfo->cbsize             = 224
[LOG] SystemI::createSoundInternal             : exinfo->length             = 1574752
[LOG] SystemI::createSoundInternal             : exinfo->fileoffset         = 8736
[LOG] SystemI::createSoundInternal             : exinfo->numsubsounds       = 1
[LOG] SystemI::createSoundInternal             : exinfo->inclusionlist      = 0x70000d994954
[LOG] SystemI::createSoundInternal             : exinfo->inclusionlistnum   = 1
[LOG] SystemI::createSoundInternal             : exinfo->suggestedsoundtype = 5
[LOG] SystemI::createSoundInternal             : exinfo->useropen           = 0x1581da782
[LOG] SystemI::createSoundInternal             : exinfo->userclose          = 0x1581da839
[LOG] SystemI::createSoundInternal             : exinfo->userread           = 0x1581da866
[LOG] SystemI::createSoundInternal             : exinfo->userseek           = 0x1581da90a
[LOG] SystemI::createSoundInternal             : exinfo->fileuserdata       = 0x7fd8357c25a8
[LOG] SystemI::createSoundInternal             : exinfo->initialseekpostype = 1
[LOG] SystemI::DSPCodecPoolRegister            : register codec pool for pool type 5
[LOG] SystemI::createSoundInternal             : Sample 0/1: name='card_deal-02', format=5, channels=1, frequency=48000, lengthbytes=4768, lengthpcm=24000, pcmblocksize=0, loopstart=0, loopend=0, mode=0x00000000, channelmask=0x00000000, channelorder=0, peakvolume=0.707946.
[LOG] SoundI::release                          : card_grab-01.wav (0x7fd836132f28)
[LOG] SystemI::createSoundInternal             : Create name='fmod:///remote//Volumes/SSD2/Gaming/Game Jams/GMTK/GMTKFmod/Assets/GMTK 2021 Reaper.RPP.link/card_grab-01.wav', mode=0x0200C202
[LOG] SystemI::createSoundInternal             : exinfo->cbsize             = 224
[LOG] SystemI::createSoundInternal             : exinfo->initialseekpostype = 1
[LOG] ProfileRemoteFile::fileOpen              : Attemping to open remote file '/Volumes/SSD2/Gaming/Game Jams/GMTK/GMTKFmod/Assets/GMTK 2021 Reaper.RPP.link/card_grab-01.wav'
[LOG] SystemI::createSoundInternal             : Sample 0/0: name='(null)', format=3, channels=1, frequency=48000, lengthbytes=62043, lengthpcm=20681, pcmblocksize=0, loopstart=0, loopend=0, mode=0x00000000, channelmask=0x00000000, channelorder=0, peakvolume=0.000000.
[LOG] SoundI::release                          : card_grab-01.wav (0x7fd851f7b648)
[LOG] SystemI::createSoundInternal             : Create name='fmod:///remote//Volumes/SSD2/Gaming/Game Jams/GMTK/GMTKFmod/Assets/GMTK 2021 Reaper.RPP.link/card_grab-01.wav', mode=0x0200C202
[LOG] SystemI::createSoundInternal             : exinfo->cbsize             = 224
[LOG] SystemI::createSoundInternal             : exinfo->initialseekpostype = 1
[LOG] ProfileRemoteFile::fileOpen              : Attemping to open remote file '/Volumes/SSD2/Gaming/Game Jams/GMTK/GMTKFmod/Assets/GMTK 2021 Reaper.RPP.link/card_grab-01.wav'
[LOG] SystemI::createSoundInternal             : Sample 0/0: name='(null)', format=3, channels=1, frequency=48000, lengthbytes=62043, lengthpcm=20681, pcmblocksize=0, loopstart=0, loopend=0, mode=0x00000000, channelmask=0x00000000, channelorder=0, peakvolume=0.000000.
[LOG] SoundI::release                          : card_grab-01.wav (0x7fd851f6bd38)
[LOG] SystemI::createSoundInternal             : Create name='fmod:///remote//Volumes/SSD2/Gaming/Game Jams/GMTK/GMTKFmod/Assets/GMTK 2021 Reaper.RPP.link/card_grab-01.wav', mode=0x0200C202
[LOG] SystemI::createSoundInternal             : exinfo->cbsize             = 224
[LOG] SystemI::createSoundInternal             : exinfo->initialseekpostype = 1
[LOG] ProfileRemoteFile::fileOpen              : Attemping to open remote file '/Volumes/SSD2/Gaming/Game Jams/GMTK/GMTKFmod/Assets/GMTK 2021 Reaper.RPP.link/card_grab-01.wav'
[LOG] SystemI::createSoundInternal             : Sample 0/0: name='(null)', format=3, channels=1, frequency=48000, lengthbytes=62043, lengthpcm=20681, pcmblocksize=0, loopstart=0, loopend=0, mode=0x00000000, channelmask=0x00000000, channelorder=0, peakvolume=0.000000.
[LOG] SoundI::release                          : card_grab-01.wav (0x7fd84dd8c148)
[LOG] SystemI::createSoundInternal             : Create name='fmod:///remote//Volumes/SSD2/Gaming/Game Jams/GMTK/GMTKFmod/Assets/GMTK 2021 Reaper.RPP.link/card_grab-01.wav', mode=0x0200C202
[LOG] SystemI::createSoundInternal             : exinfo->cbsize             = 224
[LOG] SystemI::createSoundInternal             : exinfo->initialseekpostype = 1
[LOG] ProfileRemoteFile::fileOpen              : Attemping to open remote file '/Volumes/SSD2/Gaming/Game Jams/GMTK/GMTKFmod/Assets/GMTK 2021 Reaper.RPP.link/card_grab-01.wav'
[LOG] SystemI::createSoundInternal             : Sample 0/0: name='(null)', format=3, channels=1, frequency=48000, lengthbytes=62043, lengthpcm=20681, pcmblocksize=0, loopstart=0, loopend=0, mode=0x00000000, channelmask=0x00000000, channelorder=0, peakvolume=0.000000.
[LOG] SoundI::release                          : card_grab-01.wav (0x7fd836fae1b8)
[LOG] SystemI::createSoundInternal             : Create name='fmod:///remote//Volumes/SSD2/Gaming/Game Jams/GMTK/GMTKFmod/Assets/GMTK 2021 Reaper.RPP.link/card_grab-01.wav', mode=0x0200C202
[LOG] SystemI::createSoundInternal             : exinfo->cbsize             = 224
[LOG] SystemI::createSoundInternal             : exinfo->initialseekpostype = 1
[LOG] ProfileRemoteFile::fileOpen              : Attemping to open remote file '/Volumes/SSD2/Gaming/Game Jams/GMTK/GMTKFmod/Assets/GMTK 2021 Reaper.RPP.link/card_grab-01.wav'
[LOG] SystemI::createSoundInternal             : Sample 0/0: name='(null)', format=3, channels=1, frequency=48000, lengthbytes=62043, lengthpcm=20681, pcmblocksize=0, loopstart=0, loopend=0, mode=0x00000000, channelmask=0x00000000, channelorder=0, peakvolume=0.000000.
[LOG] SoundI::release                          :  (0x7fd8357c0348)
[LOG] SoundI::release                          :     card_deal-01 (0x7fd8357c04b8)
[LOG] SoundI::release                          :  (0x7fd8357c1128)
[LOG] SoundI::release                          :     card_deal-02 (0x7fd8357c1298)
[LOG] SoundI::release                          :  (0x7fd8357c3608)
[LOG] SoundI::release                          :     card_deal-03 (0x7fd8357c0de8)
[LOG] SoundI::release                          :  (0x7fd8357bfd18)
[LOG] SoundI::release                          :     card_deal-04 (0x7fd8357c3a68)
[LOG] SoundI::release                          :  (0x7fd8357c3158)
[LOG] SoundI::release                          :     card_deal-05 (0x7fd8357c32c8)
[LOG] SystemI::createSoundInternal             : Create name='', mode=0x02000202
[LOG] SystemI::createSoundInternal             : exinfo->cbsize             = 224
[LOG] SystemI::createSoundInternal             : exinfo->length             = 1574752
[LOG] SystemI::createSoundInternal             : exinfo->fileoffset         = 8736
[LOG] SystemI::createSoundInternal             : exinfo->numsubsounds       = 1
[LOG] SystemI::createSoundInternal             : exinfo->inclusionlist      = 0x70000d994954
[LOG] SystemI::createSoundInternal             : exinfo->inclusionlistnum   = 1
[LOG] SystemI::createSoundInternal             : exinfo->suggestedsoundtype = 5
[LOG] SystemI::createSoundInternal             : exinfo->useropen           = 0x1581da782
[LOG] SystemI::createSoundInternal             : exinfo->userclose          = 0x1581da839
[LOG] SystemI::createSoundInternal             : exinfo->userread           = 0x1581da866
[LOG] SystemI::createSoundInternal             : exinfo->userseek           = 0x1581da90a
[LOG] SystemI::createSoundInternal             : exinfo->fileuserdata       = 0x7fd835cebbc8
[LOG] SystemI::createSoundInternal             : exinfo->initialseekpostype = 1
[LOG] SystemI::DSPCodecPoolRegister            : register codec pool for pool type 5
[LOG] SystemI::createSoundInternal             : Sample 0/1: name='card_deal-04', format=5, channels=1, frequency=48000, lengthbytes=4864, lengthpcm=24048, pcmblocksize=0, loopstart=0, loopend=0, mode=0x00000000, channelmask=0x00000000, channelorder=0, peakvolume=0.707946.
[LOG] SystemI::createSoundInternal             : Create name='', mode=0x02000202
[LOG] SystemI::createSoundInternal             : exinfo->cbsize             = 224
[LOG] SystemI::createSoundInternal             : exinfo->length             = 1574752
[LOG] SystemI::createSoundInternal             : exinfo->fileoffset         = 8736
[LOG] SystemI::createSoundInternal             : exinfo->numsubsounds       = 1
[LOG] SystemI::createSoundInternal             : exinfo->inclusionlist      = 0x70000d994954
[LOG] SystemI::createSoundInternal             : exinfo->inclusionlistnum   = 1
[LOG] SystemI::createSoundInternal             : exinfo->suggestedsoundtype = 5
[LOG] SystemI::createSoundInternal             : exinfo->useropen           = 0x1581da782
[LOG] SystemI::createSoundInternal             : exinfo->userclose          = 0x1581da839
[LOG] SystemI::createSoundInternal             : exinfo->userread           = 0x1581da866
[LOG] SystemI::createSoundInternal             : exinfo->userseek           = 0x1581da90a
[LOG] SystemI::createSoundInternal             : exinfo->fileuserdata       = 0x7fd835cebbc8
[LOG] SystemI::createSoundInternal             : exinfo->initialseekpostype = 1
[LOG] SystemI::DSPCodecPoolRegister            : register codec pool for pool type 5
[LOG] SystemI::createSoundInternal             : Sample 0/1: name='card_deal-01', format=5, channels=1, frequency=48000, lengthbytes=4896, lengthpcm=24000, pcmblocksize=0, loopstart=0, loopend=0, mode=0x00000000, channelmask=0x00000000, channelorder=0, peakvolume=0.707946.
[LOG] SystemI::createSoundInternal             : Create name='', mode=0x02000202
[LOG] SystemI::createSoundInternal             : exinfo->cbsize             = 224
[LOG] SystemI::createSoundInternal             : exinfo->length             = 1574752
[LOG] SystemI::createSoundInternal             : exinfo->fileoffset         = 8736
[LOG] SystemI::createSoundInternal             : exinfo->numsubsounds       = 1
[LOG] SystemI::createSoundInternal             : exinfo->inclusionlist      = 0x70000d994954
[LOG] SystemI::createSoundInternal             : exinfo->inclusionlistnum   = 1
[LOG] SystemI::createSoundInternal             : exinfo->suggestedsoundtype = 5
[LOG] SystemI::createSoundInternal             : exinfo->useropen           = 0x1581da782
[LOG] SystemI::createSoundInternal             : exinfo->userclose          = 0x1581da839
[LOG] SystemI::createSoundInternal             : exinfo->userread           = 0x1581da866
[LOG] SystemI::createSoundInternal             : exinfo->userseek           = 0x1581da90a
[LOG] SystemI::createSoundInternal             : exinfo->fileuserdata       = 0x7fd835cebbc8
[LOG] SystemI::createSoundInternal             : exinfo->initialseekpostype = 1
[LOG] SystemI::DSPCodecPoolRegister            : register codec pool for pool type 5
[LOG] SystemI::createSoundInternal             : Sample 0/1: name='card_deal-05', format=5, channels=1, frequency=48000, lengthbytes=4704, lengthpcm=24000, pcmblocksize=0, loopstart=0, loopend=0, mode=0x00000000, channelmask=0x00000000, channelorder=0, peakvolume=0.707946.
[LOG] SystemI::createSoundInternal             : Create name='', mode=0x02000202
[LOG] SystemI::createSoundInternal             : exinfo->cbsize             = 224
[LOG] SystemI::createSoundInternal             : exinfo->length             = 1574752
[LOG] SystemI::createSoundInternal             : exinfo->fileoffset         = 8736
[LOG] SystemI::createSoundInternal             : exinfo->numsubsounds       = 1
[LOG] SystemI::createSoundInternal             : exinfo->inclusionlist      = 0x70000d994954
[LOG] SystemI::createSoundInternal             : exinfo->inclusionlistnum   = 1
[LOG] SystemI::createSoundInternal             : exinfo->suggestedsoundtype = 5
[LOG] SystemI::createSoundInternal             : exinfo->useropen           = 0x1581da782
[LOG] SystemI::createSoundInternal             : exinfo->userclose          = 0x1581da839
[LOG] SystemI::createSoundInternal             : exinfo->userread           = 0x1581da866
[LOG] SystemI::createSoundInternal             : exinfo->userseek           = 0x1581da90a
[LOG] SystemI::createSoundInternal             : exinfo->fileuserdata       = 0x7fd835cebbc8
[LOG] SystemI::createSoundInternal             : exinfo->initialseekpostype = 1
[LOG] SystemI::DSPCodecPoolRegister            : register codec pool for pool type 5
[LOG] SystemI::createSoundInternal             : Sample 0/1: name='card_deal-03', format=5, channels=1, frequency=48000, lengthbytes=4928, lengthpcm=24000, pcmblocksize=0, loopstart=0, loopend=0, mode=0x00000000, channelmask=0x00000000, channelorder=0, peakvolume=0.707946.
[LOG] SystemI::createSoundInternal             : Create name='', mode=0x02000202
[LOG] SystemI::createSoundInternal             : exinfo->cbsize             = 224
[LOG] SystemI::createSoundInternal             : exinfo->length             = 1574752
[LOG] SystemI::createSoundInternal             : exinfo->fileoffset         = 8736
[LOG] SystemI::createSoundInternal             : exinfo->numsubsounds       = 1
[LOG] SystemI::createSoundInternal             : exinfo->inclusionlist      = 0x70000d994954
[LOG] SystemI::createSoundInternal             : exinfo->inclusionlistnum   = 1
[LOG] SystemI::createSoundInternal             : exinfo->suggestedsoundtype = 5
[LOG] SystemI::createSoundInternal             : exinfo->useropen           = 0x1581da782
[LOG] SystemI::createSoundInternal             : exinfo->userclose          = 0x1581da839
[LOG] SystemI::createSoundInternal             : exinfo->userread           = 0x1581da866
[LOG] SystemI::createSoundInternal             : exinfo->userseek           = 0x1581da90a
[LOG] SystemI::createSoundInternal             : exinfo->fileuserdata       = 0x7fd835cebbc8
[LOG] SystemI::createSoundInternal             : exinfo->initialseekpostype = 1
[LOG] SystemI::DSPCodecPoolRegister            : register codec pool for pool type 5
[LOG] SystemI::createSoundInternal             : Sample 0/1: name='card_deal-02', format=5, channels=1, frequency=48000, lengthbytes=4768, lengthpcm=24000, pcmblocksize=0, loopstart=0, loopend=0, mode=0x00000000, channelmask=0x00000000, channelorder=0, peakvolume=0.707946.
[LOG] SoundI::release                          : card_grab-01.wav (0x7fd835cec1c8)
[LOG] SystemI::createSoundInternal             : Create name='fmod:///remote//Volumes/SSD2/Gaming/Game Jams/GMTK/GMTKFmod/Assets/GMTK 2021 Reaper.RPP.link/card_grab-01.wav', mode=0x0200C202
[LOG] SystemI::createSoundInternal             : exinfo->cbsize             = 224
[LOG] SystemI::createSoundInternal             : exinfo->initialseekpostype = 1
[LOG] ProfileRemoteFile::fileOpen              : Attemping to open remote file '/Volumes/SSD2/Gaming/Game Jams/GMTK/GMTKFmod/Assets/GMTK 2021 Reaper.RPP.link/card_grab-01.wav'
[LOG] SystemI::createSoundInternal             : Sample 0/0: name='(null)', format=3, channels=1, frequency=48000, lengthbytes=62043, lengthpcm=20681, pcmblocksize=0, loopstart=0, loopend=0, mode=0x00000000, channelmask=0x00000000, channelorder=0, peakvolume=0.000000.
[LOG] SoundI::release                          : card_grab-01.wav (0x7fd835ce65a8)
[LOG] SoundI::release                          : Crowds, Walla, Exterior, Street Event, Young People Chatting Outside Theatre 01 SND37158 1.wav (0x7fd851f83568)
[LOG] SoundI::release                          :  (0x7fd835ce8208)
[LOG] SoundI::release                          :     card_deal-01 (0x7fd835cea278)
[LOG] SoundI::release                          :  (0x7fd835ceb9f8)
[LOG] SoundI::release                          :     card_deal-02 (0x7fd835cecd98)
[LOG] SoundI::release                          :  (0x7fd835cf2e08)
[LOG] SoundI::release                          :     card_deal-03 (0x7fd835ceb2e8)
[LOG] SoundI::release                          :  (0x7fd835ceee48)
[LOG] SoundI::release                          :     card_deal-04 (0x7fd835ce9f38)
[LOG] SoundI::release                          :  (0x7fd835cf2378)
[LOG] SoundI::release                          :     card_deal-05 (0x7fd835cea5b8)
[LOG] SoundI::release                          :  (0x7fd851d31c68)
[LOG] SoundI::release                          :     card_deal-06 (0x7fd851df2768)
[LOG] SoundI::release                          : card_grab-02.wav (0x7fd851f78028)
[LOG] SoundI::release                          : card_grab-04.wav (0x7fd8361316d8)
[LOG] SoundI::release                          : card_grab-03.wav (0x7fd851f781b8)
[LOG] Thread::callback                         : FMOD Studio update thread finished.
[LOG] Thread::callback                         : FMOD Studio bank load thread finished.
[LOG] ProfileClient::markForDead               : Closing client connection
[LOG] ProfileClient::recvThreadLoopFunction    : Socket disconnected
[LOG] Thread::callback                         : FMOD profiler thread (recv) finished.
[LOG] Profile::disconnectAll                   : Profiler disconnecting all clients
[LOG] Thread::callback                         : FMOD profiler thread (send) finished.
[LOG] Thread::callback                         : FMOD Studio sample load thread finished.
[LOG] LiveUpdate::release                      : 
[LOG] LiveUpdate::reset                        : Reset connection (reason Disconnected)
[LOG] Thread::callback                         : FMOD stream thread finished.
[LOG] Thread::callback                         : FMOD mixer thread finished.
[LOG] Profile::disconnectAll                   : Profiler disconnecting all clients
[LOG] SystemI::close                           : Closed.
